[2020-08-12 17:44:42] development.ERROR: October\Rain\Exception\SystemException: Class name is not registered for the component "partner". Check the component plugin. in /Users/alexandrefoisy/web sites/plomberie-j-boulay/modules/cms/Classes/ComponentManager.php:204
Stack trace:
#0 /Users/alexandrefoisy/web sites/plomberie-j-boulay/modules/cms/Classes/Controller.php(1428): Cms\Classes\ComponentManager->makeComponent('partner', Object(Cms5f342a8aaf991529880141_c442fe5316433104f39a06006bcec853Class), Array, false)
#1 /Users/alexandrefoisy/web sites/plomberie-j-boulay/modules/cms/Classes/Controller.php(650): Cms\Classes\Controller->addComponent('partner', 'partners', Array, true)
#2 /Users/alexandrefoisy/web sites/plomberie-j-boulay/modules/cms/Classes/Controller.php(332): Cms\Classes\Controller->initComponents()
#3 /Users/alexandrefoisy/web sites/plomberie-j-boulay/modules/cms/Classes/Controller.php(223): Cms\Classes\Controller->runPage(Object(Cms\Classes\Page))
#4 /Users/alexandrefoisy/web sites/plomberie-j-boulay/modules/cms/Classes/CmsController.php(50): Cms\Classes\Controller->run('/')
#5 [internal function]: Cms\Classes\CmsController->run('/')
#6 /Users/alexandrefoisy/web sites/plomberie-j-boulay/vendor/laravel/framework/src/Illuminate/Routing/Controller.php(54): call_user_func_array(Array, Array)
#7 /Users/alexandrefoisy/web sites/plomberie-j-boulay/vendor/laravel/framework/src/Illuminate/Routing/ControllerDispatcher.php(45): Illuminate\Routing\Controller->callAction('run', Array)
#8 /Users/alexandrefoisy/web sites/plomberie-j-boulay/vendor/laravel/framework/src/Illuminate/Routing/Route.php(212): Illuminate\Routing\ControllerDispatcher->dispatch(Object(Illuminate\Routing\Route), Object(Cms\Classes\CmsController), 'run')
#9 /Users/alexandrefoisy/web sites/plomberie-j-boulay/vendor/laravel/framework/src/Illuminate/Routing/Route.php(169): Illuminate\Routing\Route->runController()
#10 /Users/alexandrefoisy/web sites/plomberie-j-boulay/vendor/laravel/framework/src/Illuminate/Routing/Router.php(658): Illuminate\Routing\Route->run()
#11 /Users/alexandrefoisy/web sites/plomberie-j-boulay/vendor/laravel/framework/src/Illuminate/Routing/Pipeline.php(30): Illuminate\Routing\Router->Illuminate\Routing\{closure}(Object(Illuminate\Http\Request))
#12 /Users/alexandrefoisy/web sites/plomberie-j-boulay/plugins/rainlab/translate/classes/LocaleMiddleware.php(29): Illuminate\Routing\Pipeline->Illuminate\Routing\{closure}(Object(Illuminate\Http\Request))
#13 /Users/alexandrefoisy/web sites/plomberie-j-boulay/vendor/laravel/framework/src/Illuminate/Pipeline/Pipeline.php(149): RainLab\Translate\Classes\LocaleMiddleware->handle(Object(Illuminate\Http\Request), Object(Closure))
#14 /Users/alexandrefoisy/web sites/plomberie-j-boulay/vendor/laravel/framework/src/Illuminate/Routing/Pipeline.php(53): Illuminate\Pipeline\Pipeline->Illuminate\Pipeline\{closure}(Object(Illuminate\Http\Request))
#15 /Users/alexandrefoisy/web sites/plomberie-j-boulay/vendor/laravel/framework/src/Illuminate/Routing/Middleware/SubstituteBindings.php(41): Illuminate\Routing\Pipeline->Illuminate\Routing\{closure}(Object(Illuminate\Http\Request))
#16 /Users/alexandrefoisy/web sites/plomberie-j-boulay/vendor/laravel/framework/src/Illuminate/Pipeline/Pipeline.php(149): Illuminate\Routing\Middleware\SubstituteBindings->handle(Object(Illuminate\Http\Request), Object(Closure))
#17 /Users/alexandrefoisy/web sites/plomberie-j-boulay/vendor/laravel/framework/src/Illuminate/Routing/Pipeline.php(53): Illuminate\Pipeline\Pipeline->Illuminate\Pipeline\{closure}(Object(Illuminate\Http\Request))
#18 /Users/alexandrefoisy/web sites/plomberie-j-boulay/vendor/laravel/framework/src/Illuminate/View/Middleware/ShareErrorsFromSession.php(49): Illuminate\Routing\Pipeline->Illuminate\Routing\{closure}(Object(Illuminate\Http\Request))
#19 /Users/alexandrefoisy/web sites/plomberie-j-boulay/vendor/laravel/framework/src/Illuminate/Pipeline/Pipeline.php(149): Illuminate\View\Middleware\ShareErrorsFromSession->handle(Object(Illuminate\Http\Request), Object(Closure))
#20 /Users/alexandrefoisy/web sites/plomberie-j-boulay/vendor/laravel/framework/src/Illuminate/Routing/Pipeline.php(53): Illuminate\Pipeline\Pipeline->Illuminate\Pipeline\{closure}(Object(Illuminate\Http\Request))
#21 /Users/alexandrefoisy/web sites/plomberie-j-boulay/vendor/laravel/framework/src/Illuminate/Session/Middleware/StartSession.php(63): Illuminate\Routing\Pipeline->Illuminate\Routing\{closure}(Object(Illuminate\Http\Request))
#22 /Users/alexandrefoisy/web sites/plomberie-j-boulay/vendor/laravel/framework/src/Illuminate/Pipeline/Pipeline.php(149): Illuminate\Session\Middleware\StartSession->handle(Object(Illuminate\Http\Request), Object(Closure))
#23 /Users/alexandrefoisy/web sites/plomberie-j-boulay/vendor/laravel/framework/src/Illuminate/Routing/Pipeline.php(53): Illuminate\Pipeline\Pipeline->Illuminate\Pipeline\{closure}(Object(Illuminate\Http\Request))
#24 /Users/alexandrefoisy/web sites/plomberie-j-boulay/vendor/laravel/framework/src/Illuminate/Cookie/Middleware/AddQueuedCookiesToResponse.php(37): Illuminate\Routing\Pipeline->Illuminate\Routing\{closure}(Object(Illuminate\Http\Request))
#25 /Users/alexandrefoisy/web sites/plomberie-j-boulay/vendor/laravel/framework/src/Illuminate/Pipeline/Pipeline.php(149): Illuminate\Cookie\Middleware\AddQueuedCookiesToResponse->handle(Object(Illuminate\Http\Request), Object(Closure))
#26 /Users/alexandrefoisy/web sites/plomberie-j-boulay/vendor/laravel/framework/src/Illuminate/Routing/Pipeline.php(53): Illuminate\Pipeline\Pipeline->Illuminate\Pipeline\{closure}(Object(Illuminate\Http\Request))
#27 /Users/alexandrefoisy/web sites/plomberie-j-boulay/vendor/laravel/framework/src/Illuminate/Cookie/Middleware/EncryptCookies.php(66): Illuminate\Routing\Pipeline->Illuminate\Routing\{closure}(Object(Illuminate\Http\Request))
#28 /Users/alexandrefoisy/web sites/plomberie-j-boulay/vendor/laravel/framework/src/Illuminate/Pipeline/Pipeline.php(149): Illuminate\Cookie\Middleware\EncryptCookies->handle(Object(Illuminate\Http\Request), Object(Closure))
#29 /Users/alexandrefoisy/web sites/plomberie-j-boulay/vendor/laravel/framework/src/Illuminate/Routing/Pipeline.php(53): Illuminate\Pipeline\Pipeline->Illuminate\Pipeline\{closure}(Object(Illuminate\Http\Request))
#30 /Users/alexandrefoisy/web sites/plomberie-j-boulay/vendor/laravel/framework/src/Illuminate/Pipeline/Pipeline.php(102): Illuminate\Routing\Pipeline->Illuminate\Routing\{closure}(Object(Illuminate\Http\Request))
#31 /Users/alexandrefoisy/web sites/plomberie-j-boulay/vendor/laravel/framework/src/Illuminate/Routing/Router.php(660): Illuminate\Pipeline\Pipeline->then(Object(Closure))
#32 /Users/alexandrefoisy/web sites/plomberie-j-boulay/vendor/laravel/framework/src/Illuminate/Routing/Router.php(635): Illuminate\Routing\Router->runRouteWithinStack(Object(Illuminate\Routing\Route), Object(Illuminate\Http\Request))
#33 /Users/alexandrefoisy/web sites/plomberie-j-boulay/vendor/laravel/framework/src/Illuminate/Routing/Router.php(601): Illuminate\Routing\Router->runRoute(Object(Illuminate\Http\Request), Object(Illuminate\Routing\Route))
#34 /Users/alexandrefoisy/web sites/plomberie-j-boulay/vendor/october/rain/src/Router/CoreRouter.php(20): Illuminate\Routing\Router->dispatchToRoute(Object(Illuminate\Http\Request))
#35 /Users/alexandrefoisy/web sites/plomberie-j-boulay/vendor/laravel/framework/src/Illuminate/Foundation/Http/Kernel.php(176): October\Rain\Router\CoreRouter->dispatch(Object(Illuminate\Http\Request))
#36 /Users/alexandrefoisy/web sites/plomberie-j-boulay/vendor/laravel/framework/src/Illuminate/Routing/Pipeline.php(30): Illuminate\Foundation\Http\Kernel->Illuminate\Foundation\Http\{closure}(Object(Illuminate\Http\Request))
#37 /Users/alexandrefoisy/web sites/plomberie-j-boulay/vendor/laravel/framework/src/Illuminate/Foundation/Http/Middleware/CheckForMaintenanceMode.php(46): Illuminate\Routing\Pipeline->Illuminate\Routing\{closure}(Object(Illuminate\Http\Request))
#38 /Users/alexandrefoisy/web sites/plomberie-j-boulay/vendor/october/rain/src/Foundation/Http/Middleware/CheckForMaintenanceMode.php(25): Illuminate\Foundation\Http\Middleware\CheckForMaintenanceMode->handle(Object(Illuminate\Http\Request), Object(Closure))
#39 /Users/alexandrefoisy/web sites/plomberie-j-boulay/vendor/laravel/framework/src/Illuminate/Pipeline/Pipeline.php(149): October\Rain\Foundation\Http\Middleware\CheckForMaintenanceMode->handle(Object(Illuminate\Http\Request), Object(Closure))
#40 /Users/alexandrefoisy/web sites/plomberie-j-boulay/vendor/laravel/framework/src/Illuminate/Routing/Pipeline.php(53): Illuminate\Pipeline\Pipeline->Illuminate\Pipeline\{closure}(Object(Illuminate\Http\Request))
#41 /Users/alexandrefoisy/web sites/plomberie-j-boulay/vendor/laravel/framework/src/Illuminate/Pipeline/Pipeline.php(102): Illuminate\Routing\Pipeline->Illuminate\Routing\{closure}(Object(Illuminate\Http\Request))
#42 /Users/alexandrefoisy/web sites/plomberie-j-boulay/vendor/laravel/framework/src/Illuminate/Foundation/Http/Kernel.php(151): Illuminate\Pipeline\Pipeline->then(Object(Closure))
#43 /Users/alexandrefoisy/web sites/plomberie-j-boulay/vendor/laravel/framework/src/Illuminate/Foundation/Http/Kernel.php(116): Illuminate\Foundation\Http\Kernel->sendRequestThroughRouter(Object(Illuminate\Http\Request))
#44 /Users/alexandrefoisy/web sites/plomberie-j-boulay/index.php(43): Illuminate\Foundation\Http\Kernel->handle(Object(Illuminate\Http\Request))
#45 {main}  
[2020-08-12 17:44:42] development.ERROR: October\Rain\Exception\SystemException: Class name is not registered for the component "partner". Check the component plugin. in /Users/alexandrefoisy/web sites/plomberie-j-boulay/modules/cms/Classes/ComponentManager.php:204
Stack trace:
#0 /Users/alexandrefoisy/web sites/plomberie-j-boulay/modules/cms/Classes/Controller.php(1428): Cms\Classes\ComponentManager->makeComponent('partner', Object(Cms5f342a8aaf991529880141_c442fe5316433104f39a06006bcec853Class), Array, false)
#1 /Users/alexandrefoisy/web sites/plomberie-j-boulay/modules/cms/Classes/Controller.php(650): Cms\Classes\Controller->addComponent('partner', 'partners', Array, true)
#2 /Users/alexandrefoisy/web sites/plomberie-j-boulay/modules/cms/Classes/Controller.php(332): Cms\Classes\Controller->initComponents()
#3 /Users/alexandrefoisy/web sites/plomberie-j-boulay/modules/cms/Classes/Controller.php(223): Cms\Classes\Controller->runPage(Object(Cms\Classes\Page))
#4 /Users/alexandrefoisy/web sites/plomberie-j-boulay/modules/cms/Classes/CmsController.php(50): Cms\Classes\Controller->run('/')
#5 [internal function]: Cms\Classes\CmsController->run('/')
#6 /Users/alexandrefoisy/web sites/plomberie-j-boulay/vendor/laravel/framework/src/Illuminate/Routing/Controller.php(54): call_user_func_array(Array, Array)
#7 /Users/alexandrefoisy/web sites/plomberie-j-boulay/vendor/laravel/framework/src/Illuminate/Routing/ControllerDispatcher.php(45): Illuminate\Routing\Controller->callAction('run', Array)
#8 /Users/alexandrefoisy/web sites/plomberie-j-boulay/vendor/laravel/framework/src/Illuminate/Routing/Route.php(212): Illuminate\Routing\ControllerDispatcher->dispatch(Object(Illuminate\Routing\Route), Object(Cms\Classes\CmsController), 'run')
#9 /Users/alexandrefoisy/web sites/plomberie-j-boulay/vendor/laravel/framework/src/Illuminate/Routing/Route.php(169): Illuminate\Routing\Route->runController()
#10 /Users/alexandrefoisy/web sites/plomberie-j-boulay/vendor/laravel/framework/src/Illuminate/Routing/Router.php(658): Illuminate\Routing\Route->run()
#11 /Users/alexandrefoisy/web sites/plomberie-j-boulay/vendor/laravel/framework/src/Illuminate/Routing/Pipeline.php(30): Illuminate\Routing\Router->Illuminate\Routing\{closure}(Object(Illuminate\Http\Request))
#12 /Users/alexandrefoisy/web sites/plomberie-j-boulay/plugins/rainlab/translate/classes/LocaleMiddleware.php(29): Illuminate\Routing\Pipeline->Illuminate\Routing\{closure}(Object(Illuminate\Http\Request))
#13 /Users/alexandrefoisy/web sites/plomberie-j-boulay/vendor/laravel/framework/src/Illuminate/Pipeline/Pipeline.php(149): RainLab\Translate\Classes\LocaleMiddleware->handle(Object(Illuminate\Http\Request), Object(Closure))
#14 /Users/alexandrefoisy/web sites/plomberie-j-boulay/vendor/laravel/framework/src/Illuminate/Routing/Pipeline.php(53): Illuminate\Pipeline\Pipeline->Illuminate\Pipeline\{closure}(Object(Illuminate\Http\Request))
#15 /Users/alexandrefoisy/web sites/plomberie-j-boulay/vendor/laravel/framework/src/Illuminate/Routing/Middleware/SubstituteBindings.php(41): Illuminate\Routing\Pipeline->Illuminate\Routing\{closure}(Object(Illuminate\Http\Request))
#16 /Users/alexandrefoisy/web sites/plomberie-j-boulay/vendor/laravel/framework/src/Illuminate/Pipeline/Pipeline.php(149): Illuminate\Routing\Middleware\SubstituteBindings->handle(Object(Illuminate\Http\Request), Object(Closure))
#17 /Users/alexandrefoisy/web sites/plomberie-j-boulay/vendor/laravel/framework/src/Illuminate/Routing/Pipeline.php(53): Illuminate\Pipeline\Pipeline->Illuminate\Pipeline\{closure}(Object(Illuminate\Http\Request))
#18 /Users/alexandrefoisy/web sites/plomberie-j-boulay/vendor/laravel/framework/src/Illuminate/View/Middleware/ShareErrorsFromSession.php(49): Illuminate\Routing\Pipeline->Illuminate\Routing\{closure}(Object(Illuminate\Http\Request))
#19 /Users/alexandrefoisy/web sites/plomberie-j-boulay/vendor/laravel/framework/src/Illuminate/Pipeline/Pipeline.php(149): Illuminate\View\Middleware\ShareErrorsFromSession->handle(Object(Illuminate\Http\Request), Object(Closure))
#20 /Users/alexandrefoisy/web sites/plomberie-j-boulay/vendor/laravel/framework/src/Illuminate/Routing/Pipeline.php(53): Illuminate\Pipeline\Pipeline->Illuminate\Pipeline\{closure}(Object(Illuminate\Http\Request))
#21 /Users/alexandrefoisy/web sites/plomberie-j-boulay/vendor/laravel/framework/src/Illuminate/Session/Middleware/StartSession.php(63): Illuminate\Routing\Pipeline->Illuminate\Routing\{closure}(Object(Illuminate\Http\Request))
#22 /Users/alexandrefoisy/web sites/plomberie-j-boulay/vendor/laravel/framework/src/Illuminate/Pipeline/Pipeline.php(149): Illuminate\Session\Middleware\StartSession->handle(Object(Illuminate\Http\Request), Object(Closure))
#23 /Users/alexandrefoisy/web sites/plomberie-j-boulay/vendor/laravel/framework/src/Illuminate/Routing/Pipeline.php(53): Illuminate\Pipeline\Pipeline->Illuminate\Pipeline\{closure}(Object(Illuminate\Http\Request))
#24 /Users/alexandrefoisy/web sites/plomberie-j-boulay/vendor/laravel/framework/src/Illuminate/Cookie/Middleware/AddQueuedCookiesToResponse.php(37): Illuminate\Routing\Pipeline->Illuminate\Routing\{closure}(Object(Illuminate\Http\Request))
#25 /Users/alexandrefoisy/web sites/plomberie-j-boulay/vendor/laravel/framework/src/Illuminate/Pipeline/Pipeline.php(149): Illuminate\Cookie\Middleware\AddQueuedCookiesToResponse->handle(Object(Illuminate\Http\Request), Object(Closure))
#26 /Users/alexandrefoisy/web sites/plomberie-j-boulay/vendor/laravel/framework/src/Illuminate/Routing/Pipeline.php(53): Illuminate\Pipeline\Pipeline->Illuminate\Pipeline\{closure}(Object(Illuminate\Http\Request))
#27 /Users/alexandrefoisy/web sites/plomberie-j-boulay/vendor/laravel/framework/src/Illuminate/Cookie/Middleware/EncryptCookies.php(66): Illuminate\Routing\Pipeline->Illuminate\Routing\{closure}(Object(Illuminate\Http\Request))
#28 /Users/alexandrefoisy/web sites/plomberie-j-boulay/vendor/laravel/framework/src/Illuminate/Pipeline/Pipeline.php(149): Illuminate\Cookie\Middleware\EncryptCookies->handle(Object(Illuminate\Http\Request), Object(Closure))
#29 /Users/alexandrefoisy/web sites/plomberie-j-boulay/vendor/laravel/framework/src/Illuminate/Routing/Pipeline.php(53): Illuminate\Pipeline\Pipeline->Illuminate\Pipeline\{closure}(Object(Illuminate\Http\Request))
#30 /Users/alexandrefoisy/web sites/plomberie-j-boulay/vendor/laravel/framework/src/Illuminate/Pipeline/Pipeline.php(102): Illuminate\Routing\Pipeline->Illuminate\Routing\{closure}(Object(Illuminate\Http\Request))
#31 /Users/alexandrefoisy/web sites/plomberie-j-boulay/vendor/laravel/framework/src/Illuminate/Routing/Router.php(660): Illuminate\Pipeline\Pipeline->then(Object(Closure))
#32 /Users/alexandrefoisy/web sites/plomberie-j-boulay/vendor/laravel/framework/src/Illuminate/Routing/Router.php(635): Illuminate\Routing\Router->runRouteWithinStack(Object(Illuminate\Routing\Route), Object(Illuminate\Http\Request))
#33 /Users/alexandrefoisy/web sites/plomberie-j-boulay/vendor/laravel/framework/src/Illuminate/Routing/Router.php(601): Illuminate\Routing\Router->runRoute(Object(Illuminate\Http\Request), Object(Illuminate\Routing\Route))
#34 /Users/alexandrefoisy/web sites/plomberie-j-boulay/vendor/october/rain/src/Router/CoreRouter.php(20): Illuminate\Routing\Router->dispatchToRoute(Object(Illuminate\Http\Request))
#35 /Users/alexandrefoisy/web sites/plomberie-j-boulay/vendor/laravel/framework/src/Illuminate/Foundation/Http/Kernel.php(176): October\Rain\Router\CoreRouter->dispatch(Object(Illuminate\Http\Request))
#36 /Users/alexandrefoisy/web sites/plomberie-j-boulay/vendor/laravel/framework/src/Illuminate/Routing/Pipeline.php(30): Illuminate\Foundation\Http\Kernel->Illuminate\Foundation\Http\{closure}(Object(Illuminate\Http\Request))
#37 /Users/alexandrefoisy/web sites/plomberie-j-boulay/vendor/laravel/framework/src/Illuminate/Foundation/Http/Middleware/CheckForMaintenanceMode.php(46): Illuminate\Routing\Pipeline->Illuminate\Routing\{closure}(Object(Illuminate\Http\Request))
#38 /Users/alexandrefoisy/web sites/plomberie-j-boulay/vendor/october/rain/src/Foundation/Http/Middleware/CheckForMaintenanceMode.php(25): Illuminate\Foundation\Http\Middleware\CheckForMaintenanceMode->handle(Object(Illuminate\Http\Request), Object(Closure))
#39 /Users/alexandrefoisy/web sites/plomberie-j-boulay/vendor/laravel/framework/src/Illuminate/Pipeline/Pipeline.php(149): October\Rain\Foundation\Http\Middleware\CheckForMaintenanceMode->handle(Object(Illuminate\Http\Request), Object(Closure))
#40 /Users/alexandrefoisy/web sites/plomberie-j-boulay/vendor/laravel/framework/src/Illuminate/Routing/Pipeline.php(53): Illuminate\Pipeline\Pipeline->Illuminate\Pipeline\{closure}(Object(Illuminate\Http\Request))
#41 /Users/alexandrefoisy/web sites/plomberie-j-boulay/vendor/laravel/framework/src/Illuminate/Pipeline/Pipeline.php(102): Illuminate\Routing\Pipeline->Illuminate\Routing\{closure}(Object(Illuminate\Http\Request))
#42 /Users/alexandrefoisy/web sites/plomberie-j-boulay/vendor/laravel/framework/src/Illuminate/Foundation/Http/Kernel.php(151): Illuminate\Pipeline\Pipeline->then(Object(Closure))
#43 /Users/alexandrefoisy/web sites/plomberie-j-boulay/vendor/laravel/framework/src/Illuminate/Foundation/Http/Kernel.php(116): Illuminate\Foundation\Http\Kernel->sendRequestThroughRouter(Object(Illuminate\Http\Request))
#44 /Users/alexandrefoisy/web sites/plomberie-j-boulay/index.php(43): Illuminate\Foundation\Http\Kernel->handle(Object(Illuminate\Http\Request))
#45 {main}  
[2020-08-12 17:46:09] development.ERROR: October\Rain\Exception\SystemException: Class name is not registered for the component "partner". Check the component plugin. in /Users/alexandrefoisy/web sites/plomberie-j-boulay/modules/cms/Classes/ComponentManager.php:204
Stack trace:
#0 /Users/alexandrefoisy/web sites/plomberie-j-boulay/modules/cms/Classes/Controller.php(1428): Cms\Classes\ComponentManager->makeComponent('partner', Object(Cms5f342a8aaf991529880141_c442fe5316433104f39a06006bcec853Class), Array, false)
#1 /Users/alexandrefoisy/web sites/plomberie-j-boulay/modules/cms/Classes/Controller.php(650): Cms\Classes\Controller->addComponent('partner', 'partners', Array, true)
#2 /Users/alexandrefoisy/web sites/plomberie-j-boulay/modules/cms/Classes/Controller.php(332): Cms\Classes\Controller->initComponents()
#3 /Users/alexandrefoisy/web sites/plomberie-j-boulay/modules/cms/Classes/Controller.php(223): Cms\Classes\Controller->runPage(Object(Cms\Classes\Page))
#4 /Users/alexandrefoisy/web sites/plomberie-j-boulay/modules/cms/Classes/CmsController.php(50): Cms\Classes\Controller->run('/')
#5 [internal function]: Cms\Classes\CmsController->run('/')
#6 /Users/alexandrefoisy/web sites/plomberie-j-boulay/vendor/laravel/framework/src/Illuminate/Routing/Controller.php(54): call_user_func_array(Array, Array)
#7 /Users/alexandrefoisy/web sites/plomberie-j-boulay/vendor/laravel/framework/src/Illuminate/Routing/ControllerDispatcher.php(45): Illuminate\Routing\Controller->callAction('run', Array)
#8 /Users/alexandrefoisy/web sites/plomberie-j-boulay/vendor/laravel/framework/src/Illuminate/Routing/Route.php(212): Illuminate\Routing\ControllerDispatcher->dispatch(Object(Illuminate\Routing\Route), Object(Cms\Classes\CmsController), 'run')
#9 /Users/alexandrefoisy/web sites/plomberie-j-boulay/vendor/laravel/framework/src/Illuminate/Routing/Route.php(169): Illuminate\Routing\Route->runController()
#10 /Users/alexandrefoisy/web sites/plomberie-j-boulay/vendor/laravel/framework/src/Illuminate/Routing/Router.php(658): Illuminate\Routing\Route->run()
#11 /Users/alexandrefoisy/web sites/plomberie-j-boulay/vendor/laravel/framework/src/Illuminate/Routing/Pipeline.php(30): Illuminate\Routing\Router->Illuminate\Routing\{closure}(Object(Illuminate\Http\Request))
#12 /Users/alexandrefoisy/web sites/plomberie-j-boulay/plugins/rainlab/translate/classes/LocaleMiddleware.php(29): Illuminate\Routing\Pipeline->Illuminate\Routing\{closure}(Object(Illuminate\Http\Request))
#13 /Users/alexandrefoisy/web sites/plomberie-j-boulay/vendor/laravel/framework/src/Illuminate/Pipeline/Pipeline.php(149): RainLab\Translate\Classes\LocaleMiddleware->handle(Object(Illuminate\Http\Request), Object(Closure))
#14 /Users/alexandrefoisy/web sites/plomberie-j-boulay/vendor/laravel/framework/src/Illuminate/Routing/Pipeline.php(53): Illuminate\Pipeline\Pipeline->Illuminate\Pipeline\{closure}(Object(Illuminate\Http\Request))
#15 /Users/alexandrefoisy/web sites/plomberie-j-boulay/vendor/laravel/framework/src/Illuminate/Routing/Middleware/SubstituteBindings.php(41): Illuminate\Routing\Pipeline->Illuminate\Routing\{closure}(Object(Illuminate\Http\Request))
#16 /Users/alexandrefoisy/web sites/plomberie-j-boulay/vendor/laravel/framework/src/Illuminate/Pipeline/Pipeline.php(149): Illuminate\Routing\Middleware\SubstituteBindings->handle(Object(Illuminate\Http\Request), Object(Closure))
#17 /Users/alexandrefoisy/web sites/plomberie-j-boulay/vendor/laravel/framework/src/Illuminate/Routing/Pipeline.php(53): Illuminate\Pipeline\Pipeline->Illuminate\Pipeline\{closure}(Object(Illuminate\Http\Request))
#18 /Users/alexandrefoisy/web sites/plomberie-j-boulay/vendor/laravel/framework/src/Illuminate/View/Middleware/ShareErrorsFromSession.php(49): Illuminate\Routing\Pipeline->Illuminate\Routing\{closure}(Object(Illuminate\Http\Request))
#19 /Users/alexandrefoisy/web sites/plomberie-j-boulay/vendor/laravel/framework/src/Illuminate/Pipeline/Pipeline.php(149): Illuminate\View\Middleware\ShareErrorsFromSession->handle(Object(Illuminate\Http\Request), Object(Closure))
#20 /Users/alexandrefoisy/web sites/plomberie-j-boulay/vendor/laravel/framework/src/Illuminate/Routing/Pipeline.php(53): Illuminate\Pipeline\Pipeline->Illuminate\Pipeline\{closure}(Object(Illuminate\Http\Request))
#21 /Users/alexandrefoisy/web sites/plomberie-j-boulay/vendor/laravel/framework/src/Illuminate/Session/Middleware/StartSession.php(63): Illuminate\Routing\Pipeline->Illuminate\Routing\{closure}(Object(Illuminate\Http\Request))
#22 /Users/alexandrefoisy/web sites/plomberie-j-boulay/vendor/laravel/framework/src/Illuminate/Pipeline/Pipeline.php(149): Illuminate\Session\Middleware\StartSession->handle(Object(Illuminate\Http\Request), Object(Closure))
#23 /Users/alexandrefoisy/web sites/plomberie-j-boulay/vendor/laravel/framework/src/Illuminate/Routing/Pipeline.php(53): Illuminate\Pipeline\Pipeline->Illuminate\Pipeline\{closure}(Object(Illuminate\Http\Request))
#24 /Users/alexandrefoisy/web sites/plomberie-j-boulay/vendor/laravel/framework/src/Illuminate/Cookie/Middleware/AddQueuedCookiesToResponse.php(37): Illuminate\Routing\Pipeline->Illuminate\Routing\{closure}(Object(Illuminate\Http\Request))
#25 /Users/alexandrefoisy/web sites/plomberie-j-boulay/vendor/laravel/framework/src/Illuminate/Pipeline/Pipeline.php(149): Illuminate\Cookie\Middleware\AddQueuedCookiesToResponse->handle(Object(Illuminate\Http\Request), Object(Closure))
#26 /Users/alexandrefoisy/web sites/plomberie-j-boulay/vendor/laravel/framework/src/Illuminate/Routing/Pipeline.php(53): Illuminate\Pipeline\Pipeline->Illuminate\Pipeline\{closure}(Object(Illuminate\Http\Request))
#27 /Users/alexandrefoisy/web sites/plomberie-j-boulay/vendor/laravel/framework/src/Illuminate/Cookie/Middleware/EncryptCookies.php(66): Illuminate\Routing\Pipeline->Illuminate\Routing\{closure}(Object(Illuminate\Http\Request))
#28 /Users/alexandrefoisy/web sites/plomberie-j-boulay/vendor/laravel/framework/src/Illuminate/Pipeline/Pipeline.php(149): Illuminate\Cookie\Middleware\EncryptCookies->handle(Object(Illuminate\Http\Request), Object(Closure))
#29 /Users/alexandrefoisy/web sites/plomberie-j-boulay/vendor/laravel/framework/src/Illuminate/Routing/Pipeline.php(53): Illuminate\Pipeline\Pipeline->Illuminate\Pipeline\{closure}(Object(Illuminate\Http\Request))
#30 /Users/alexandrefoisy/web sites/plomberie-j-boulay/vendor/laravel/framework/src/Illuminate/Pipeline/Pipeline.php(102): Illuminate\Routing\Pipeline->Illuminate\Routing\{closure}(Object(Illuminate\Http\Request))
#31 /Users/alexandrefoisy/web sites/plomberie-j-boulay/vendor/laravel/framework/src/Illuminate/Routing/Router.php(660): Illuminate\Pipeline\Pipeline->then(Object(Closure))
#32 /Users/alexandrefoisy/web sites/plomberie-j-boulay/vendor/laravel/framework/src/Illuminate/Routing/Router.php(635): Illuminate\Routing\Router->runRouteWithinStack(Object(Illuminate\Routing\Route), Object(Illuminate\Http\Request))
#33 /Users/alexandrefoisy/web sites/plomberie-j-boulay/vendor/laravel/framework/src/Illuminate/Routing/Router.php(601): Illuminate\Routing\Router->runRoute(Object(Illuminate\Http\Request), Object(Illuminate\Routing\Route))
#34 /Users/alexandrefoisy/web sites/plomberie-j-boulay/vendor/october/rain/src/Router/CoreRouter.php(20): Illuminate\Routing\Router->dispatchToRoute(Object(Illuminate\Http\Request))
#35 /Users/alexandrefoisy/web sites/plomberie-j-boulay/vendor/laravel/framework/src/Illuminate/Foundation/Http/Kernel.php(176): October\Rain\Router\CoreRouter->dispatch(Object(Illuminate\Http\Request))
#36 /Users/alexandrefoisy/web sites/plomberie-j-boulay/vendor/laravel/framework/src/Illuminate/Routing/Pipeline.php(30): Illuminate\Foundation\Http\Kernel->Illuminate\Foundation\Http\{closure}(Object(Illuminate\Http\Request))
#37 /Users/alexandrefoisy/web sites/plomberie-j-boulay/vendor/laravel/framework/src/Illuminate/Foundation/Http/Middleware/CheckForMaintenanceMode.php(46): Illuminate\Routing\Pipeline->Illuminate\Routing\{closure}(Object(Illuminate\Http\Request))
#38 /Users/alexandrefoisy/web sites/plomberie-j-boulay/vendor/october/rain/src/Foundation/Http/Middleware/CheckForMaintenanceMode.php(25): Illuminate\Foundation\Http\Middleware\CheckForMaintenanceMode->handle(Object(Illuminate\Http\Request), Object(Closure))
#39 /Users/alexandrefoisy/web sites/plomberie-j-boulay/vendor/laravel/framework/src/Illuminate/Pipeline/Pipeline.php(149): October\Rain\Foundation\Http\Middleware\CheckForMaintenanceMode->handle(Object(Illuminate\Http\Request), Object(Closure))
#40 /Users/alexandrefoisy/web sites/plomberie-j-boulay/vendor/laravel/framework/src/Illuminate/Routing/Pipeline.php(53): Illuminate\Pipeline\Pipeline->Illuminate\Pipeline\{closure}(Object(Illuminate\Http\Request))
#41 /Users/alexandrefoisy/web sites/plomberie-j-boulay/vendor/laravel/framework/src/Illuminate/Pipeline/Pipeline.php(102): Illuminate\Routing\Pipeline->Illuminate\Routing\{closure}(Object(Illuminate\Http\Request))
#42 /Users/alexandrefoisy/web sites/plomberie-j-boulay/vendor/laravel/framework/src/Illuminate/Foundation/Http/Kernel.php(151): Illuminate\Pipeline\Pipeline->then(Object(Closure))
#43 /Users/alexandrefoisy/web sites/plomberie-j-boulay/vendor/laravel/framework/src/Illuminate/Foundation/Http/Kernel.php(116): Illuminate\Foundation\Http\Kernel->sendRequestThroughRouter(Object(Illuminate\Http\Request))
#44 /Users/alexandrefoisy/web sites/plomberie-j-boulay/index.php(43): Illuminate\Foundation\Http\Kernel->handle(Object(Illuminate\Http\Request))
#45 {main}  
[2020-08-12 17:46:09] development.ERROR: October\Rain\Exception\SystemException: Class name is not registered for the component "partner". Check the component plugin. in /Users/alexandrefoisy/web sites/plomberie-j-boulay/modules/cms/Classes/ComponentManager.php:204
Stack trace:
#0 /Users/alexandrefoisy/web sites/plomberie-j-boulay/modules/cms/Classes/Controller.php(1428): Cms\Classes\ComponentManager->makeComponent('partner', Object(Cms5f342a8aaf991529880141_c442fe5316433104f39a06006bcec853Class), Array, false)
#1 /Users/alexandrefoisy/web sites/plomberie-j-boulay/modules/cms/Classes/Controller.php(650): Cms\Classes\Controller->addComponent('partner', 'partners', Array, true)
#2 /Users/alexandrefoisy/web sites/plomberie-j-boulay/modules/cms/Classes/Controller.php(332): Cms\Classes\Controller->initComponents()
#3 /Users/alexandrefoisy/web sites/plomberie-j-boulay/modules/cms/Classes/Controller.php(223): Cms\Classes\Controller->runPage(Object(Cms\Classes\Page))
#4 /Users/alexandrefoisy/web sites/plomberie-j-boulay/modules/cms/Classes/CmsController.php(50): Cms\Classes\Controller->run('/')
#5 [internal function]: Cms\Classes\CmsController->run('/')
#6 /Users/alexandrefoisy/web sites/plomberie-j-boulay/vendor/laravel/framework/src/Illuminate/Routing/Controller.php(54): call_user_func_array(Array, Array)
#7 /Users/alexandrefoisy/web sites/plomberie-j-boulay/vendor/laravel/framework/src/Illuminate/Routing/ControllerDispatcher.php(45): Illuminate\Routing\Controller->callAction('run', Array)
#8 /Users/alexandrefoisy/web sites/plomberie-j-boulay/vendor/laravel/framework/src/Illuminate/Routing/Route.php(212): Illuminate\Routing\ControllerDispatcher->dispatch(Object(Illuminate\Routing\Route), Object(Cms\Classes\CmsController), 'run')
#9 /Users/alexandrefoisy/web sites/plomberie-j-boulay/vendor/laravel/framework/src/Illuminate/Routing/Route.php(169): Illuminate\Routing\Route->runController()
#10 /Users/alexandrefoisy/web sites/plomberie-j-boulay/vendor/laravel/framework/src/Illuminate/Routing/Router.php(658): Illuminate\Routing\Route->run()
#11 /Users/alexandrefoisy/web sites/plomberie-j-boulay/vendor/laravel/framework/src/Illuminate/Routing/Pipeline.php(30): Illuminate\Routing\Router->Illuminate\Routing\{closure}(Object(Illuminate\Http\Request))
#12 /Users/alexandrefoisy/web sites/plomberie-j-boulay/plugins/rainlab/translate/classes/LocaleMiddleware.php(29): Illuminate\Routing\Pipeline->Illuminate\Routing\{closure}(Object(Illuminate\Http\Request))
#13 /Users/alexandrefoisy/web sites/plomberie-j-boulay/vendor/laravel/framework/src/Illuminate/Pipeline/Pipeline.php(149): RainLab\Translate\Classes\LocaleMiddleware->handle(Object(Illuminate\Http\Request), Object(Closure))
#14 /Users/alexandrefoisy/web sites/plomberie-j-boulay/vendor/laravel/framework/src/Illuminate/Routing/Pipeline.php(53): Illuminate\Pipeline\Pipeline->Illuminate\Pipeline\{closure}(Object(Illuminate\Http\Request))
#15 /Users/alexandrefoisy/web sites/plomberie-j-boulay/vendor/laravel/framework/src/Illuminate/Routing/Middleware/SubstituteBindings.php(41): Illuminate\Routing\Pipeline->Illuminate\Routing\{closure}(Object(Illuminate\Http\Request))
#16 /Users/alexandrefoisy/web sites/plomberie-j-boulay/vendor/laravel/framework/src/Illuminate/Pipeline/Pipeline.php(149): Illuminate\Routing\Middleware\SubstituteBindings->handle(Object(Illuminate\Http\Request), Object(Closure))
#17 /Users/alexandrefoisy/web sites/plomberie-j-boulay/vendor/laravel/framework/src/Illuminate/Routing/Pipeline.php(53): Illuminate\Pipeline\Pipeline->Illuminate\Pipeline\{closure}(Object(Illuminate\Http\Request))
#18 /Users/alexandrefoisy/web sites/plomberie-j-boulay/vendor/laravel/framework/src/Illuminate/View/Middleware/ShareErrorsFromSession.php(49): Illuminate\Routing\Pipeline->Illuminate\Routing\{closure}(Object(Illuminate\Http\Request))
#19 /Users/alexandrefoisy/web sites/plomberie-j-boulay/vendor/laravel/framework/src/Illuminate/Pipeline/Pipeline.php(149): Illuminate\View\Middleware\ShareErrorsFromSession->handle(Object(Illuminate\Http\Request), Object(Closure))
#20 /Users/alexandrefoisy/web sites/plomberie-j-boulay/vendor/laravel/framework/src/Illuminate/Routing/Pipeline.php(53): Illuminate\Pipeline\Pipeline->Illuminate\Pipeline\{closure}(Object(Illuminate\Http\Request))
#21 /Users/alexandrefoisy/web sites/plomberie-j-boulay/vendor/laravel/framework/src/Illuminate/Session/Middleware/StartSession.php(63): Illuminate\Routing\Pipeline->Illuminate\Routing\{closure}(Object(Illuminate\Http\Request))
#22 /Users/alexandrefoisy/web sites/plomberie-j-boulay/vendor/laravel/framework/src/Illuminate/Pipeline/Pipeline.php(149): Illuminate\Session\Middleware\StartSession->handle(Object(Illuminate\Http\Request), Object(Closure))
#23 /Users/alexandrefoisy/web sites/plomberie-j-boulay/vendor/laravel/framework/src/Illuminate/Routing/Pipeline.php(53): Illuminate\Pipeline\Pipeline->Illuminate\Pipeline\{closure}(Object(Illuminate\Http\Request))
#24 /Users/alexandrefoisy/web sites/plomberie-j-boulay/vendor/laravel/framework/src/Illuminate/Cookie/Middleware/AddQueuedCookiesToResponse.php(37): Illuminate\Routing\Pipeline->Illuminate\Routing\{closure}(Object(Illuminate\Http\Request))
#25 /Users/alexandrefoisy/web sites/plomberie-j-boulay/vendor/laravel/framework/src/Illuminate/Pipeline/Pipeline.php(149): Illuminate\Cookie\Middleware\AddQueuedCookiesToResponse->handle(Object(Illuminate\Http\Request), Object(Closure))
#26 /Users/alexandrefoisy/web sites/plomberie-j-boulay/vendor/laravel/framework/src/Illuminate/Routing/Pipeline.php(53): Illuminate\Pipeline\Pipeline->Illuminate\Pipeline\{closure}(Object(Illuminate\Http\Request))
#27 /Users/alexandrefoisy/web sites/plomberie-j-boulay/vendor/laravel/framework/src/Illuminate/Cookie/Middleware/EncryptCookies.php(66): Illuminate\Routing\Pipeline->Illuminate\Routing\{closure}(Object(Illuminate\Http\Request))
#28 /Users/alexandrefoisy/web sites/plomberie-j-boulay/vendor/laravel/framework/src/Illuminate/Pipeline/Pipeline.php(149): Illuminate\Cookie\Middleware\EncryptCookies->handle(Object(Illuminate\Http\Request), Object(Closure))
#29 /Users/alexandrefoisy/web sites/plomberie-j-boulay/vendor/laravel/framework/src/Illuminate/Routing/Pipeline.php(53): Illuminate\Pipeline\Pipeline->Illuminate\Pipeline\{closure}(Object(Illuminate\Http\Request))
#30 /Users/alexandrefoisy/web sites/plomberie-j-boulay/vendor/laravel/framework/src/Illuminate/Pipeline/Pipeline.php(102): Illuminate\Routing\Pipeline->Illuminate\Routing\{closure}(Object(Illuminate\Http\Request))
#31 /Users/alexandrefoisy/web sites/plomberie-j-boulay/vendor/laravel/framework/src/Illuminate/Routing/Router.php(660): Illuminate\Pipeline\Pipeline->then(Object(Closure))
#32 /Users/alexandrefoisy/web sites/plomberie-j-boulay/vendor/laravel/framework/src/Illuminate/Routing/Router.php(635): Illuminate\Routing\Router->runRouteWithinStack(Object(Illuminate\Routing\Route), Object(Illuminate\Http\Request))
#33 /Users/alexandrefoisy/web sites/plomberie-j-boulay/vendor/laravel/framework/src/Illuminate/Routing/Router.php(601): Illuminate\Routing\Router->runRoute(Object(Illuminate\Http\Request), Object(Illuminate\Routing\Route))
#34 /Users/alexandrefoisy/web sites/plomberie-j-boulay/vendor/october/rain/src/Router/CoreRouter.php(20): Illuminate\Routing\Router->dispatchToRoute(Object(Illuminate\Http\Request))
#35 /Users/alexandrefoisy/web sites/plomberie-j-boulay/vendor/laravel/framework/src/Illuminate/Foundation/Http/Kernel.php(176): October\Rain\Router\CoreRouter->dispatch(Object(Illuminate\Http\Request))
#36 /Users/alexandrefoisy/web sites/plomberie-j-boulay/vendor/laravel/framework/src/Illuminate/Routing/Pipeline.php(30): Illuminate\Foundation\Http\Kernel->Illuminate\Foundation\Http\{closure}(Object(Illuminate\Http\Request))
#37 /Users/alexandrefoisy/web sites/plomberie-j-boulay/vendor/laravel/framework/src/Illuminate/Foundation/Http/Middleware/CheckForMaintenanceMode.php(46): Illuminate\Routing\Pipeline->Illuminate\Routing\{closure}(Object(Illuminate\Http\Request))
#38 /Users/alexandrefoisy/web sites/plomberie-j-boulay/vendor/october/rain/src/Foundation/Http/Middleware/CheckForMaintenanceMode.php(25): Illuminate\Foundation\Http\Middleware\CheckForMaintenanceMode->handle(Object(Illuminate\Http\Request), Object(Closure))
#39 /Users/alexandrefoisy/web sites/plomberie-j-boulay/vendor/laravel/framework/src/Illuminate/Pipeline/Pipeline.php(149): October\Rain\Foundation\Http\Middleware\CheckForMaintenanceMode->handle(Object(Illuminate\Http\Request), Object(Closure))
#40 /Users/alexandrefoisy/web sites/plomberie-j-boulay/vendor/laravel/framework/src/Illuminate/Routing/Pipeline.php(53): Illuminate\Pipeline\Pipeline->Illuminate\Pipeline\{closure}(Object(Illuminate\Http\Request))
#41 /Users/alexandrefoisy/web sites/plomberie-j-boulay/vendor/laravel/framework/src/Illuminate/Pipeline/Pipeline.php(102): Illuminate\Routing\Pipeline->Illuminate\Routing\{closure}(Object(Illuminate\Http\Request))
#42 /Users/alexandrefoisy/web sites/plomberie-j-boulay/vendor/laravel/framework/src/Illuminate/Foundation/Http/Kernel.php(151): Illuminate\Pipeline\Pipeline->then(Object(Closure))
#43 /Users/alexandrefoisy/web sites/plomberie-j-boulay/vendor/laravel/framework/src/Illuminate/Foundation/Http/Kernel.php(116): Illuminate\Foundation\Http\Kernel->sendRequestThroughRouter(Object(Illuminate\Http\Request))
#44 /Users/alexandrefoisy/web sites/plomberie-j-boulay/index.php(43): Illuminate\Foundation\Http\Kernel->handle(Object(Illuminate\Http\Request))
#45 {main}  
